<?xml version="1.0" encoding="UTF-8"?>
<Site BuildName="(empty)"
	BuildStamp="20241019-1816-Experimental"
	Name="(empty)"
	Generator="ctest-3.30.5"
	CompilerName=""
	CompilerVersion=""
	OSName="macOS"
	Hostname="MacBook-Pro-Vladislav.local"
	OSRelease="14.5"
	OSVersion="23F79"
	OSPlatform="arm64"
	Is64Bits="1"
	VendorString="Apple"
	VendorID="Apple"
	FamilyID="0"
	ModelID="0"
	ProcessorCacheSize="131072"
	NumberOfLogicalCPU="8"
	NumberOfPhysicalCPU="8"
	TotalVirtualMemory="3072"
	TotalPhysicalMemory="8192"
	LogicalProcessorsPerPhysical="8"
	ProcessorClockFrequency="0"
	>
	<Testing>
		<StartDateTime>Oct 19 21:19 EEST</StartDateTime>
		<StartTestTime>1729361961</StartTestTime>
		<TestList>
			<Test>./test/labor6_2test</Test>
		</TestList>
		<Test Status="passed">
			<Name>labor6_2test</Name>
			<Path>./test</Path>
			<FullName>./test/labor6_2test</FullName>
			<FullCommandLine>/Users/vladislav/Desktop/foruniversity/AP/cds/lb6/Labw62it/build/test/labor6_2test</FullCommandLine>
			<Results>
				<NamedMeasurement type="numeric/double" name="Execution Time">
					<Value>0.267679</Value>
				</NamedMeasurement>
				<NamedMeasurement type="numeric/double" name="Processors">
					<Value>1</Value>
				</NamedMeasurement>
				<NamedMeasurement type="text/string" name="Completion Status">
					<Value>Completed</Value>
				</NamedMeasurement>
				<NamedMeasurement type="text/string" name="Command Line">
					<Value>/Users/vladislav/Desktop/foruniversity/AP/cds/lb6/Labw62it/build/test/labor6_2test</Value>
				</NamedMeasurement>
				<NamedMeasurement type="text/string" name="Environment">
					<Value>#CTEST_RESOURCE_GROUP_COUNT=</Value>
				</NamedMeasurement>
				<Measurement>
					<Value encoding="base64" compression="gzip">eJxLjFYwUIhVsFUAAkOuxGgFQyhP1xTEM0KRM4bxLEA8EwhP19CAiys3sQLItuDKzcwD0iAhECszLyUVJG4ClofxjLkAkCQaPA==</Value>
				</Measurement>
			</Results>
		</Test>
		<EndDateTime>Oct 19 21:19 EEST</EndDateTime>
		<EndTestTime>1729361961</EndTestTime>
		<ElapsedMinutes>0</ElapsedMinutes>
	</Testing>
</Site>
